{
  "RSpec": {
    "coverage": {
      "/Users/timo/personal-apps/survivor-app/app/mailers/application_mailer.rb": [
        0,
        0,
        0,
        0
      ],
      "/Users/timo/personal-apps/survivor-app/app/models/team.rb": [
        0,
        0,
        0,
        0
      ],
      "/Users/timo/personal-apps/survivor-app/app/models/user_team.rb": [
        0,
        0,
        0,
        0
      ],
      "/Users/timo/personal-apps/survivor-app/app/models/user.rb": [
        0,
        0,
        0,
        0,
        null,
        0,
        0,
        null,
        0
      ],
      "/Users/timo/personal-apps/survivor-app/app/controllers/application_controller.rb": [
        0,
        0,
        0
      ],
      "/Users/timo/personal-apps/survivor-app/app/controllers/teams_controller.rb": [
        0,
        0,
        null,
        null,
        null,
        0,
        0,
        0,
        null,
        null,
        null,
        0,
        0,
        null,
        null,
        null,
        0,
        0,
        0,
        0,
        0,
        0,
        0,
        0,
        0,
        0,
        0,
        0,
        null,
        null,
        null,
        0,
        0,
        0,
        0,
        0,
        0,
        0,
        null,
        0,
        null,
        0,
        0,
        0,
        0,
        0,
        0,
        0,
        null,
        null,
        0,
        0,
        0,
        0
      ],
      "/Users/timo/personal-apps/survivor-app/app/controllers/users_controller.rb": [
        0,
        0,
        null,
        null,
        null,
        0,
        0,
        0,
        null,
        null,
        null,
        0,
        0,
        null,
        null,
        0,
        0,
        0,
        null,
        null,
        0,
        0,
        null,
        null,
        null,
        0,
        0,
        0,
        0,
        0,
        0,
        0,
        0,
        0,
        0,
        0,
        0,
        null,
        null,
        null,
        0,
        0,
        0,
        0,
        0,
        0,
        0,
        0,
        0,
        0,
        0,
        null,
        null,
        null,
        0,
        0,
        0,
        0,
        0,
        0,
        0,
        null,
        0,
        null,
        0,
        0,
        0,
        null,
        null,
        0,
        0,
        0,
        0
      ],
      "/Users/timo/personal-apps/survivor-app/app/controllers/welcome_controller.rb": [
        0,
        0,
        null,
        0,
        0
      ],
      "/Users/timo/personal-apps/survivor-app/app/helpers/welcome_helper.rb": [
        0,
        0
      ],
      "/Users/timo/personal-apps/survivor-app/app/helpers/users_helper.rb": [
        0,
        0
      ],
      "/Users/timo/personal-apps/survivor-app/app/helpers/teams_helper.rb": [
        0,
        0
      ],
      "/Users/timo/personal-apps/survivor-app/app/helpers/application_helper.rb": [
        0,
        0,
        null,
        0
      ]
    },
    "timestamp": 1552677309
  }
}
